<?xml version="1.0" encoding="UTF-8"?>
<testng-results skipped="0" failed="0" total="2" passed="2">
  <reporter-output>
  </reporter-output>
  <suite name="Suite" duration-ms="5040" started-at="2017-08-14T05:32:03Z" finished-at="2017-08-14T05:32:08Z">
    <groups>
    </groups>
    <test name="Test" duration-ms="5040" started-at="2017-08-14T05:32:03Z" finished-at="2017-08-14T05:32:08Z">
      <class name="example.TestNg">
        <test-method status="PASS" signature="beforeTest()[pri:0, instance:example.TestNg@78e89bfe]" name="beforeTest" is-config="true" duration-ms="11" started-at="2017-08-14T17:32:03Z" finished-at="2017-08-14T17:32:03Z">
          <reporter-output>
          </reporter-output>
        </test-method> <!-- beforeTest -->
        <test-method status="PASS" signature="testEasy()[pri:0, instance:example.TestNg@78e89bfe]" name="testEasy" duration-ms="5016" started-at="2017-08-14T17:32:03Z" finished-at="2017-08-14T17:32:08Z">
          <reporter-output>
          </reporter-output>
        </test-method> <!-- testEasy -->
        <test-method status="PASS" signature="testFail()[pri:0, instance:example.TestNg@78e89bfe]" name="testFail" duration-ms="0" started-at="2017-08-14T17:32:08Z" finished-at="2017-08-14T17:32:08Z">
          <reporter-output>
          </reporter-output>
        </test-method> <!-- testFail -->
        <test-method status="PASS" signature="afterTest()[pri:0, instance:example.TestNg@78e89bfe]" name="afterTest" is-config="true" duration-ms="0" started-at="2017-08-14T17:32:08Z" finished-at="2017-08-14T17:32:08Z">
          <reporter-output>
          </reporter-output>
        </test-method> <!-- afterTest -->
      </class> <!-- example.TestNg -->
    </test> <!-- Test -->
  </suite> <!-- Suite -->
</testng-results>
